<task x:schema="/nop/schema/task/task.xdef" xmlns:x="/nop/schema/xdsl.xdef"
      x:extends="/nop/task/lib/common.task.xml,/nop/task/lib/batch-base.task.xml"
      xmlns:record="record" xmlns:task="task" x:dump="true">

    <input name="bizDate" type="LocalDate" />

    <record:file-model name="SimpleFile" binary="true">
        <body>
            <fields>
                <field name="name" type="String" length="10" codec="FLS-RP"/>
                <field name="product" type="String" length="5" codec="FLS-RP"/>
                <field name="price" type="double" codec="f8be"/>
                <field name="quantity" type="int" codec="s4be"/>
            </fields>
        </body>
    </record:file-model>

    <steps>
        <custom name="test" customType="batch:Execute" useParentScope="true"
                xmlns:batch="/nop/batch/xlib/batch.xlib">
            <batch:task taskName="test.loadData" batchSize="100" saveState="true">

                <taskKeyExpr>bizDate</taskKeyExpr>

                <loader>
                    <file-reader filePath="dev:/target/input/${bizDate}.dat" fileModelPath="simple.record-file.xlsx" />
                </loader>

                <processor name="processor1">
                    <source>
                        consume(item);
                    </source>
                </processor>

                <processor name="processor2" task:taskModelPath="process-item.task.xml">
<!--                    <source>-->
<!--                        <task:Execute taskModelPath="process-item.task.xml" inputs="${{item,consume,batchChunkCtx}}" xpl:lib="/nop/task/xlib/task.xlib"/>-->
<!--                    </source>-->
                </processor>

                <consumer name="all">
                    <file-writer filePath="dev:/target/output/${bizDate}-all.dat" record:file-model="SimpleFile"/>
                </consumer>

                <consumer name="selected">
                    <filter>
                        return item.quantity > 500;
                    </filter>

                    <file-writer filePath="dev:/target/output/${bizDate}-selected.dat" fileModelPath="simple.record-file.xml"/>
                </consumer>

            </batch:task>
        </custom>
    </steps>
</task>